c:\cosmo\jusin\5. sr\sr team project\delver\engine\utility\default\debug\vc140.pdb
c:\cosmo\jusin\5. sr\sr team project\delver\engine\utility\default\debug\vc140.idb
c:\cosmo\jusin\5. sr\sr team project\delver\engine\utility\default\debug\layer.obj
c:\cosmo\jusin\5. sr\sr team project\delver\engine\utility\default\debug\light.obj
c:\cosmo\jusin\5. sr\sr team project\delver\engine\utility\default\debug\lightmgr.obj
c:\cosmo\jusin\5. sr\sr team project\delver\engine\utility\default\debug\management.obj
c:\cosmo\jusin\5. sr\sr team project\delver\engine\utility\default\debug\monster.obj
c:\cosmo\jusin\5. sr\sr team project\delver\engine\utility\default\debug\npc.obj
c:\cosmo\jusin\5. sr\sr team project\delver\engine\utility\default\debug\pipeline.obj
c:\cosmo\jusin\5. sr\sr team project\delver\engine\utility\default\debug\protomgr.obj
c:\cosmo\jusin\5. sr\sr team project\delver\engine\utility\default\debug\ptbuffer.obj
c:\cosmo\jusin\5. sr\sr team project\delver\engine\utility\default\debug\rccol.obj
c:\cosmo\jusin\5. sr\sr team project\delver\engine\utility\default\debug\rctex.obj
c:\cosmo\jusin\5. sr\sr team project\delver\engine\utility\default\debug\renderer.obj
c:\cosmo\jusin\5. sr\sr team project\delver\engine\utility\default\debug\scene.obj
c:\cosmo\jusin\5. sr\sr team project\delver\engine\utility\default\debug\terraintex.obj
c:\cosmo\jusin\5. sr\sr team project\delver\engine\utility\default\debug\texture.obj
c:\cosmo\jusin\5. sr\sr team project\delver\engine\utility\default\debug\transform.obj
c:\cosmo\jusin\5. sr\sr team project\delver\engine\utility\default\debug\tricol.obj
c:\cosmo\jusin\5. sr\sr team project\delver\engine\utility\default\debug\ui.obj
c:\cosmo\jusin\5. sr\sr team project\delver\engine\utility\default\debug\vibuffer.obj
c:\cosmo\jusin\5. sr\sr team project\delver\engine\utility\default\debug\weapon.obj
c:\cosmo\jusin\5. sr\sr team project\delver\engine\utility\default\debug\animator.obj
c:\cosmo\jusin\5. sr\sr team project\delver\engine\utility\default\debug\bullet.obj
c:\cosmo\jusin\5. sr\sr team project\delver\engine\utility\default\debug\calculator.obj
c:\cosmo\jusin\5. sr\sr team project\delver\engine\utility\default\debug\camera.obj
c:\cosmo\jusin\5. sr\sr team project\delver\engine\utility\default\debug\collisionmgr.obj
c:\cosmo\jusin\5. sr\sr team project\delver\engine\utility\default\debug\component.obj
c:\cosmo\jusin\5. sr\sr team project\delver\engine\utility\default\debug\cubetex.obj
c:\cosmo\jusin\5. sr\sr team project\delver\engine\utility\default\debug\gameobject.obj
c:\cosmo\jusin\5. sr\sr team project\delver\engine\utility\default\debug\item.obj
c:\cosmo\jusin\5. sr\sr team project\delver\engine\utility\bin\utility.ilk
c:\cosmo\jusin\5. sr\sr team project\delver\engine\utility\bin\utility.dll
c:\cosmo\jusin\5. sr\sr team project\delver\engine\utility\bin\utility.pdb
c:\cosmo\jusin\5. sr\sr team project\delver\engine\utility\bin\utility.lib
c:\cosmo\jusin\5. sr\sr team project\delver\engine\utility\bin\utility.exp
c:\cosmo\jusin\5. sr\sr team project\delver\engine\utility\default\../bin\utility.dll
c:\cosmo\jusin\5. sr\sr team project\delver\engine\utility\default\debug\utility.tlog\cl.command.1.tlog
c:\cosmo\jusin\5. sr\sr team project\delver\engine\utility\default\debug\utility.tlog\cl.read.1.tlog
c:\cosmo\jusin\5. sr\sr team project\delver\engine\utility\default\debug\utility.tlog\cl.write.1.tlog
c:\cosmo\jusin\5. sr\sr team project\delver\engine\utility\default\debug\utility.tlog\link.command.1.tlog
c:\cosmo\jusin\5. sr\sr team project\delver\engine\utility\default\debug\utility.tlog\link.read.1.tlog
c:\cosmo\jusin\5. sr\sr team project\delver\engine\utility\default\debug\utility.tlog\link.write.1.tlog
c:\cosmo\jusin\5. sr\sr team project\delver\engine\utility\default\debug\utility.tlog\utility.write.1u.tlog
