  stdafx.cpp
  Client.cpp
  WinkMan.cpp
  WandBullet.cpp
  Wand.cpp
  Tool_Scene.cpp
  Terrain.cpp
  TalkWindow.cpp
  StaticCamera.cpp
  Stage.cpp
  SongBosStun.cpp
  SongBossBullet.cpp
  SongBoss.cpp
  SongBosFloor.cpp
  SmileMan.cpp
  SkyBox.cpp
  QuickSlot.cpp
  PSystem.cpp
  Player.cpp
  PinkSlime.cpp
  ParticleTool.cpp
  코드를 생성하고 있습니다...
  컴파일하고 있습니다...
  MapUI.cpp
  MapTool.cpp
  MainApp.cpp
  Logo.cpp
  Loading.cpp
  ItemMgr.cpp
  InvImg.cpp
  Inventory.cpp
  ImGuiMgr.cpp
  HPGauge.cpp
  HoodMan.cpp
  HealthBar.cpp
  GuitarMan.cpp
  GreenSlime.cpp
  GrandFather.cpp
  FontStart.cpp
  FontLogo.cpp
  FistBullet.cpp
  Fist.cpp
  EquipWindow.cpp
  코드를 생성하고 있습니다...
  컴파일하고 있습니다...
  Effect.cpp
  DynamicCamera.cpp
  Dog.cpp
  BulletMgr.cpp
  BrownBat.cpp
  BlueBat.cpp
  Block.cpp
  BackGround.cpp
  Arrow.cpp
  코드를 생성하고 있습니다...
  UserParticle.cpp
  ImSequencer.cpp
  imgui_widgets.cpp
  imgui_tables.cpp
  imgui_impl_win32.cpp
  imgui_impl_dx9.cpp
  imgui_draw.cpp
  imgui_demo.cpp
  ImGuizmo.cpp
  ImGuiFileDialog.cpp
  imgui.cpp
  ImGradient.cpp
  ImCurveEdit.cpp
  GraphEditor.cpp
c:\users\cosmo\onedrive\바탕 화면\delver backup\client\default\imgui\grapheditor.cpp(314): warning C4018: '<': signed 또는 unsigned가 일치하지 않습니다.
c:\users\cosmo\onedrive\바탕 화면\delver backup\client\default\imgui\grapheditor.cpp(472): warning C4018: '<': signed 또는 unsigned가 일치하지 않습니다.
c:\users\cosmo\onedrive\바탕 화면\delver backup\client\default\imgui\grapheditor.cpp(500): warning C4018: '<': signed 또는 unsigned가 일치하지 않습니다.
  코드를 생성하고 있습니다...
     ../Bin\Client.lib 라이브러리 및 ../Bin\Client.exp 개체를 생성하고 있습니다.
  Client.vcxproj -> C:\Users\Cosmo\OneDrive\바탕 화면\Delver Backup\Client\Default\../Bin\Client.exe
  Client.vcxproj -> ../Bin\Client.pdb (Full PDB)
