c:\cosmo\jusin\5. sr\sr team project\delver\client\default\debug\vc140.pdb
c:\cosmo\jusin\5. sr\sr team project\delver\client\default\debug\vc140.idb
c:\cosmo\jusin\5. sr\sr team project\delver\client\default\debug\stdafx.obj
c:\cosmo\jusin\5. sr\sr team project\delver\client\default\debug\particletool.obj
c:\cosmo\jusin\5. sr\sr team project\delver\client\default\debug\pinkslime.obj
c:\cosmo\jusin\5. sr\sr team project\delver\client\default\debug\player.obj
c:\cosmo\jusin\5. sr\sr team project\delver\client\default\debug\psystem.obj
c:\cosmo\jusin\5. sr\sr team project\delver\client\default\debug\quickslot.obj
c:\cosmo\jusin\5. sr\sr team project\delver\client\default\debug\skybox.obj
c:\cosmo\jusin\5. sr\sr team project\delver\client\default\debug\smileman.obj
c:\cosmo\jusin\5. sr\sr team project\delver\client\default\debug\songbosfloor.obj
c:\cosmo\jusin\5. sr\sr team project\delver\client\default\debug\songboss.obj
c:\cosmo\jusin\5. sr\sr team project\delver\client\default\debug\songbossbullet.obj
c:\cosmo\jusin\5. sr\sr team project\delver\client\default\debug\songbosstun.obj
c:\cosmo\jusin\5. sr\sr team project\delver\client\default\debug\stage.obj
c:\cosmo\jusin\5. sr\sr team project\delver\client\default\debug\staticcamera.obj
c:\cosmo\jusin\5. sr\sr team project\delver\client\default\debug\talkwindow.obj
c:\cosmo\jusin\5. sr\sr team project\delver\client\default\debug\terrain.obj
c:\cosmo\jusin\5. sr\sr team project\delver\client\default\debug\tool_scene.obj
c:\cosmo\jusin\5. sr\sr team project\delver\client\default\debug\wand.obj
c:\cosmo\jusin\5. sr\sr team project\delver\client\default\debug\wandbullet.obj
c:\cosmo\jusin\5. sr\sr team project\delver\client\default\debug\winkman.obj
c:\cosmo\jusin\5. sr\sr team project\delver\client\default\debug\client.obj
c:\cosmo\jusin\5. sr\sr team project\delver\client\default\debug\dog.obj
c:\cosmo\jusin\5. sr\sr team project\delver\client\default\debug\dynamiccamera.obj
c:\cosmo\jusin\5. sr\sr team project\delver\client\default\debug\effect.obj
c:\cosmo\jusin\5. sr\sr team project\delver\client\default\debug\equipwindow.obj
c:\cosmo\jusin\5. sr\sr team project\delver\client\default\debug\fist.obj
c:\cosmo\jusin\5. sr\sr team project\delver\client\default\debug\fistbullet.obj
c:\cosmo\jusin\5. sr\sr team project\delver\client\default\debug\fontlogo.obj
c:\cosmo\jusin\5. sr\sr team project\delver\client\default\debug\fontstart.obj
c:\cosmo\jusin\5. sr\sr team project\delver\client\default\debug\grandfather.obj
c:\cosmo\jusin\5. sr\sr team project\delver\client\default\debug\greenslime.obj
c:\cosmo\jusin\5. sr\sr team project\delver\client\default\debug\guitarman.obj
c:\cosmo\jusin\5. sr\sr team project\delver\client\default\debug\healthbar.obj
c:\cosmo\jusin\5. sr\sr team project\delver\client\default\debug\hoodman.obj
c:\cosmo\jusin\5. sr\sr team project\delver\client\default\debug\hpgauge.obj
c:\cosmo\jusin\5. sr\sr team project\delver\client\default\debug\imguimgr.obj
c:\cosmo\jusin\5. sr\sr team project\delver\client\default\debug\inventory.obj
c:\cosmo\jusin\5. sr\sr team project\delver\client\default\debug\loading.obj
c:\cosmo\jusin\5. sr\sr team project\delver\client\default\debug\logo.obj
c:\cosmo\jusin\5. sr\sr team project\delver\client\default\debug\mainapp.obj
c:\cosmo\jusin\5. sr\sr team project\delver\client\default\debug\maptool.obj
c:\cosmo\jusin\5. sr\sr team project\delver\client\default\debug\background.obj
c:\cosmo\jusin\5. sr\sr team project\delver\client\default\debug\block.obj
c:\cosmo\jusin\5. sr\sr team project\delver\client\default\debug\bluebat.obj
c:\cosmo\jusin\5. sr\sr team project\delver\client\default\debug\brownbat.obj
c:\cosmo\jusin\5. sr\sr team project\delver\client\default\debug\bulletmgr.obj
c:\cosmo\jusin\5. sr\sr team project\delver\client\default\debug\userparticle.obj
c:\cosmo\jusin\5. sr\sr team project\delver\client\default\debug\grapheditor.obj
c:\cosmo\jusin\5. sr\sr team project\delver\client\default\debug\imcurveedit.obj
c:\cosmo\jusin\5. sr\sr team project\delver\client\default\debug\imgradient.obj
c:\cosmo\jusin\5. sr\sr team project\delver\client\default\debug\imguifiledialog.obj
c:\cosmo\jusin\5. sr\sr team project\delver\client\default\debug\imguizmo.obj
c:\cosmo\jusin\5. sr\sr team project\delver\client\default\debug\imsequencer.obj
c:\cosmo\jusin\5. sr\sr team project\delver\client\default\debug\imgui.obj
c:\cosmo\jusin\5. sr\sr team project\delver\client\default\debug\imgui_demo.obj
c:\cosmo\jusin\5. sr\sr team project\delver\client\default\debug\imgui_draw.obj
c:\cosmo\jusin\5. sr\sr team project\delver\client\default\debug\imgui_impl_dx9.obj
c:\cosmo\jusin\5. sr\sr team project\delver\client\default\debug\imgui_impl_win32.obj
c:\cosmo\jusin\5. sr\sr team project\delver\client\default\debug\imgui_tables.obj
c:\cosmo\jusin\5. sr\sr team project\delver\client\default\debug\imgui_widgets.obj
c:\cosmo\jusin\5. sr\sr team project\delver\client\default\debug\arrow.obj
c:\cosmo\jusin\5. sr\sr team project\delver\client\default\debug\invimg.obj
c:\cosmo\jusin\5. sr\sr team project\delver\client\default\debug\itemmgr.obj
c:\cosmo\jusin\5. sr\sr team project\delver\client\default\debug\mapui.obj
c:\cosmo\jusin\5. sr\sr team project\delver\client\bin\client.lib
c:\cosmo\jusin\5. sr\sr team project\delver\client\bin\client.exp
c:\cosmo\jusin\5. sr\sr team project\delver\client\bin\client.ilk
c:\cosmo\jusin\5. sr\sr team project\delver\client\bin\client.exe
c:\cosmo\jusin\5. sr\sr team project\delver\client\bin\client.pdb
c:\cosmo\jusin\5. sr\sr team project\delver\client\default\debug\client.res
c:\cosmo\jusin\5. sr\sr team project\delver\client\default\debug\client.pch
c:\cosmo\jusin\5. sr\sr team project\delver\client\default\../bin\client.exe
c:\cosmo\jusin\5. sr\sr team project\delver\client\default\debug\client.tlog\cl.command.1.tlog
c:\cosmo\jusin\5. sr\sr team project\delver\client\default\debug\client.tlog\cl.read.1.tlog
c:\cosmo\jusin\5. sr\sr team project\delver\client\default\debug\client.tlog\cl.write.1.tlog
c:\cosmo\jusin\5. sr\sr team project\delver\client\default\debug\client.tlog\client.write.1u.tlog
c:\cosmo\jusin\5. sr\sr team project\delver\client\default\debug\client.tlog\link.command.1.tlog
c:\cosmo\jusin\5. sr\sr team project\delver\client\default\debug\client.tlog\link.read.1.tlog
c:\cosmo\jusin\5. sr\sr team project\delver\client\default\debug\client.tlog\link.write.1.tlog
c:\cosmo\jusin\5. sr\sr team project\delver\client\default\debug\client.tlog\rc.command.1.tlog
c:\cosmo\jusin\5. sr\sr team project\delver\client\default\debug\client.tlog\rc.read.1.tlog
c:\cosmo\jusin\5. sr\sr team project\delver\client\default\debug\client.tlog\rc.write.1.tlog
