c:\cosmo\jusin\5. sr\sr team project\delver\engine\system\default\debug\vc140.pdb
c:\cosmo\jusin\5. sr\sr team project\delver\engine\system\default\debug\vc140.idb
c:\cosmo\jusin\5. sr\sr team project\delver\engine\system\default\debug\fontmgr.obj
c:\cosmo\jusin\5. sr\sr team project\delver\engine\system\default\debug\inputdev.obj
c:\cosmo\jusin\5. sr\sr team project\delver\engine\system\default\debug\frame.obj
c:\cosmo\jusin\5. sr\sr team project\delver\engine\system\default\debug\framemgr.obj
c:\cosmo\jusin\5. sr\sr team project\delver\engine\system\default\debug\graphicdev.obj
c:\cosmo\jusin\5. sr\sr team project\delver\engine\system\default\debug\myfont.obj
c:\cosmo\jusin\5. sr\sr team project\delver\engine\system\default\debug\timer.obj
c:\cosmo\jusin\5. sr\sr team project\delver\engine\system\default\debug\timermgr.obj
c:\cosmo\jusin\5. sr\sr team project\delver\engine\system\bin\system.ilk
c:\cosmo\jusin\5. sr\sr team project\delver\engine\system\bin\system.dll
c:\cosmo\jusin\5. sr\sr team project\delver\engine\system\bin\system.pdb
c:\cosmo\jusin\5. sr\sr team project\delver\engine\system\bin\system.lib
c:\cosmo\jusin\5. sr\sr team project\delver\engine\system\bin\system.exp
c:\cosmo\jusin\5. sr\sr team project\delver\engine\system\default\../bin\system.dll
c:\cosmo\jusin\5. sr\sr team project\delver\engine\system\default\debug\system.tlog\cl.command.1.tlog
c:\cosmo\jusin\5. sr\sr team project\delver\engine\system\default\debug\system.tlog\cl.read.1.tlog
c:\cosmo\jusin\5. sr\sr team project\delver\engine\system\default\debug\system.tlog\cl.write.1.tlog
c:\cosmo\jusin\5. sr\sr team project\delver\engine\system\default\debug\system.tlog\link.command.1.tlog
c:\cosmo\jusin\5. sr\sr team project\delver\engine\system\default\debug\system.tlog\link.read.1.tlog
c:\cosmo\jusin\5. sr\sr team project\delver\engine\system\default\debug\system.tlog\link.write.1.tlog
c:\cosmo\jusin\5. sr\sr team project\delver\engine\system\default\debug\system.tlog\system.write.1u.tlog
